{
  "0 debug pnpm:scope": {
    "selected": 1
  },
  "1 error pnpm": {
    "errno": 1,
    "code": "ELIFECYCLE",
    "pkgid": "disonejs@0.0.1",
    "stage": "test",
    "script": "ts-node-dev ./src/tests/test.ts",
    "pkgname": "disonejs",
    "err": {
      "name": "pnpm",
      "message": "disonejs@0.0.1 test: `ts-node-dev ./src/tests/test.ts`\nExit status 1",
      "code": "ELIFECYCLE",
      "stack": "pnpm: disonejs@0.0.1 test: `ts-node-dev ./src/tests/test.ts`\nExit status 1\n    at EventEmitter.<anonymous> (C:\\Users\\Carlos\\AppData\\Roaming\\npm\\node_modules\\pnpm\\dist\\pnpm.cjs:105724:20)\n    at EventEmitter.emit (node:events:527:28)\n    at ChildProcess.<anonymous> (C:\\Users\\Carlos\\AppData\\Roaming\\npm\\node_modules\\pnpm\\dist\\pnpm.cjs:92285:18)\n    at ChildProcess.emit (node:events:527:28)\n    at maybeClose (node:internal/child_process:1090:16)\n    at Process.ChildProcess._handle.onexit (node:internal/child_process:302:5)"
    }
  },
  "2 warn pnpm:global": " Local package.json exists, but node_modules missing, did you mean to install?"
}